# JRE version: Java(TM) SE Runtime Environment (8.0_144-b01) (build 1.8.0_144-b01)
# Java VM: Java HotSpot(TM) Client VM (25.144-b01 mixed mode windows-x86 )
Heap:
 def new generation   total 39424K, used 35121K [0x10200000, 0x12cc0000, 0x1aca0000)
  eden space 35072K, 100% used [0x10200000, 0x12440000, 0x12440000)
  from space 4352K,   1% used [0x12440000, 0x1244c468, 0x12880000)
  to   space 4352K,   0% used [0x12880000, 0x12880000, 0x12cc0000)
 tenured generation   total 87424K, used 46309K [0x1aca0000, 0x20200000, 0x30200000)
   the space 87424K,  52% used [0x1aca0000, 0x1d9d9550, 0x1d9d9600, 0x20200000)
 Metaspace       used 20688K, capacity 21196K, committed 21376K, reserved 21888K
GC Heap History (10 events):
Event: 26724.768 GC heap before
{Heap before GC invocations=119 (full 2):
 def new generation   total 39424K, used 35074K [0x10200000, 0x12cc0000, 0x1aca0000)
  eden space 35072K, 100% used [0x10200000, 0x12440000, 0x12440000)
  from space 4352K,   0% used [0x12880000, 0x128809e8, 0x12cc0000)
  to   space 4352K,   0% used [0x12440000, 0x12440000, 0x12880000)
 tenured generation   total 87424K, used 46309K [0x1aca0000, 0x20200000, 0x30200000)
   the space 87424K,  52% used [0x1aca0000, 0x1d9d9500, 0x1d9d9600, 0x20200000)
 Metaspace       used 20688K, capacity 21196K, committed 21376K, reserved 21888K
Event: 26724.770 GC heap after
Heap after GC invocations=120 (full 2):
 def new generation   total 39424K, used 41K [0x10200000, 0x12cc0000, 0x1aca0000)
  eden space 35072K,   0% used [0x10200000, 0x10200000, 0x12440000)
  from space 4352K,   0% used [0x12440000, 0x1244a5c8, 0x12880000)
  to   space 4352K,   0% used [0x12880000, 0x12880000, 0x12cc0000)
 tenured generation   total 87424K, used 46309K [0x1aca0000, 0x20200000, 0x30200000)
   the space 87424K,  52% used [0x1aca0000, 0x1d9d9500, 0x1d9d9600, 0x20200000)
 Metaspace       used 20688K, capacity 21196K, committed 21376K, reserved 21888K
}
Event: 27180.647 GC heap before
{Heap before GC invocations=120 (full 2):
 def new generation   total 39424K, used 35113K [0x10200000, 0x12cc0000, 0x1aca0000)
  eden space 35072K, 100% used [0x10200000, 0x12440000, 0x12440000)
  from space 4352K,   0% used [0x12440000, 0x1244a5c8, 0x12880000)
  to   space 4352K,   0% used [0x12880000, 0x12880000, 0x12cc0000)
 tenured generation   total 87424K, used 46309K [0x1aca0000, 0x20200000, 0x30200000)
   the space 87424K,  52% used [0x1aca0000, 0x1d9d9500, 0x1d9d9600, 0x20200000)
 Metaspace       used 20688K, capacity 21196K, committed 21376K, reserved 21888K
Event: 27180.649 GC heap after
Heap after GC invocations=121 (full 2):
 def new generation   total 39424K, used 31K [0x10200000, 0x12cc0000, 0x1aca0000)
  eden space 35072K,   0% used [0x10200000, 0x10200000, 0x12440000)
  from space 4352K,   0% used [0x12880000, 0x12887c88, 0x12cc0000)
  to   space 4352K,   0% used [0x12440000, 0x12440000, 0x12880000)
 tenured generation   total 87424K, used 46309K [0x1aca0000, 0x20200000, 0x30200000)
   the space 87424K,  52% used [0x1aca0000, 0x1d9d9500, 0x1d9d9600, 0x20200000)
 Metaspace       used 20688K, capacity 21196K, committed 21376K, reserved 21888K
}
Event: 36974.164 GC heap before
{Heap before GC invocations=121 (full 2):
 def new generation   total 39424K, used 35103K [0x10200000, 0x12cc0000, 0x1aca0000)
  eden space 35072K, 100% used [0x10200000, 0x12440000, 0x12440000)
  from space 4352K,   0% used [0x12880000, 0x12887c88, 0x12cc0000)
  to   space 4352K,   0% used [0x12440000, 0x12440000, 0x12880000)
 tenured generation   total 87424K, used 46309K [0x1aca0000, 0x20200000, 0x30200000)
   the space 87424K,  52% used [0x1aca0000, 0x1d9d9500, 0x1d9d9600, 0x20200000)
 Metaspace       used 20688K, capacity 21196K, committed 21376K, reserved 21888K
Event: 36974.166 GC heap after
Heap after GC invocations=122 (full 2):
 def new generation   total 39424K, used 469K [0x10200000, 0x12cc0000, 0x1aca0000)
  eden space 35072K,   0% used [0x10200000, 0x10200000, 0x12440000)
  from space 4352K,  10% used [0x12440000, 0x124b57c8, 0x12880000)
  to   space 4352K,   0% used [0x12880000, 0x12880000, 0x12cc0000)
 tenured generation   total 87424K, used 46309K [0x1aca0000, 0x20200000, 0x30200000)
   the space 87424K,  52% used [0x1aca0000, 0x1d9d9500, 0x1d9d9600, 0x20200000)
 Metaspace       used 20688K, capacity 21196K, committed 21376K, reserved 21888K
}
Event: 37430.953 GC heap before
{Heap before GC invocations=122 (full 2):
 def new generation   total 39424K, used 35541K [0x10200000, 0x12cc0000, 0x1aca0000)
  eden space 35072K, 100% used [0x10200000, 0x12440000, 0x12440000)
  from space 4352K,  10% used [0x12440000, 0x124b57c8, 0x12880000)
  to   space 4352K,   0% used [0x12880000, 0x12880000, 0x12cc0000)
 tenured generation   total 87424K, used 46309K [0x1aca0000, 0x20200000, 0x30200000)
   the space 87424K,  52% used [0x1aca0000, 0x1d9d9500, 0x1d9d9600, 0x20200000)
 Metaspace       used 20688K, capacity 21196K, committed 21376K, reserved 21888K
Event: 37430.955 GC heap after
Heap after GC invocations=123 (full 2):
 def new generation   total 39424K, used 50K [0x10200000, 0x12cc0000, 0x1aca0000)
  eden space 35072K,   0% used [0x10200000, 0x10200000, 0x12440000)
  from space 4352K,   1% used [0x12880000, 0x1288cb98, 0x12cc0000)
  to   space 4352K,   0% used [0x12440000, 0x12440000, 0x12880000)
 tenured generation   total 87424K, used 46309K [0x1aca0000, 0x20200000, 0x30200000)
   the space 87424K,  52% used [0x1aca0000, 0x1d9d9500, 0x1d9d9600, 0x20200000)
 Metaspace       used 20688K, capacity 21196K, committed 21376K, reserved 21888K
}
Event: 37880.975 GC heap before
{Heap before GC invocations=123 (full 2):
 def new generation   total 39424K, used 35122K [0x10200000, 0x12cc0000, 0x1aca0000)
  eden space 35072K, 100% used [0x10200000, 0x12440000, 0x12440000)
  from space 4352K,   1% used [0x12880000, 0x1288cb98, 0x12cc0000)
  to   space 4352K,   0% used [0x12440000, 0x12440000, 0x12880000)
 tenured generation   total 87424K, used 46309K [0x1aca0000, 0x20200000, 0x30200000)
   the space 87424K,  52% used [0x1aca0000, 0x1d9d9500, 0x1d9d9600, 0x20200000)
 Metaspace       used 20688K, capacity 21196K, committed 21376K, reserved 21888K
Event: 37880.976 GC heap after
Heap after GC invocations=124 (full 2):
 def new generation   total 39424K, used 49K [0x10200000, 0x12cc0000, 0x1aca0000)
  eden space 35072K,   0% used [0x10200000, 0x10200000, 0x12440000)
  from space 4352K,   1% used [0x12440000, 0x1244c468, 0x12880000)
  to   space 4352K,   0% used [0x12880000, 0x12880000, 0x12cc0000)
 tenured generation   total 87424K, used 46309K [0x1aca0000, 0x20200000, 0x30200000)
   the space 87424K,  52% used [0x1aca0000, 0x1d9d9550, 0x1d9d9600, 0x20200000)
 Metaspace       used 20688K, capacity 21196K, committed 21376K, reserved 21888K
}

